<?xml version="1.0" encoding="UTF-8"?>
<!-- Generated by org.testng.reporters.JUnitXMLReporter -->
<testsuite hostname="DESKTOP-SP1DG6S" ignored="1" name="test" tests="13" failures="2" timestamp="2020-07-08T22:17:36 IST" time="71.275" errors="0">
  <testcase name="FirstTest" time="0.009" classname="suiteExample.DemoOne"/>
  <testcase name="TestCase" time="0.01" classname="suiteExample.DemoTwo"/>
  <testcase name="SecondTest" time="0.003" classname="suiteExample.DemoOne"/>
  <testcase name="GetTitle" time="0.0" classname="testNGTests.Activity6">
    <failure type="org.testng.TestNGException" message="
Parameter &amp;apos;User&amp;apos; is required by @Test on method GetTitle but has not been marked @Optional or defined
in C:\Ganesh\SeleniumAdv2019\IBM_Selenium\TestNG_Session\Activity8_Parellel.xml">
      <![CDATA[org.testng.TestNGException: 
Parameter 'User' is required by @Test on method GetTitle but has not been marked @Optional or defined
in C:\Ganesh\SeleniumAdv2019\IBM_Selenium\TestNG_Session\Activity8_Parellel.xml
at java.util.concurrent.ThreadPoolExecutor.runWorker(Unknown Source)
at java.util.concurrent.ThreadPoolExecutor$Worker.run(Unknown Source)
at java.lang.Thread.run(Unknown Source)
... Removed 11 stack frames]]>
    </failure>
  </testcase> <!-- GetTitle -->
  <testcase name="GetTitle" time="0.197" classname="testNGTests.Activity5"/>
  <testcase name="Displayed" time="0.671" classname="testNGTests.Activity2">
    <failure type="java.lang.AssertionError" message="expected [false] but found [true]">
      <![CDATA[java.lang.AssertionError: expected [false] but found [true]
at testNGTests.Activity2.Displayed(Activity2.java:34)
at java.util.concurrent.ThreadPoolExecutor.runWorker(Unknown Source)
at java.util.concurrent.ThreadPoolExecutor$Worker.run(Unknown Source)
at java.lang.Thread.run(Unknown Source)
... Removed 16 stack frames]]>
    </failure>
  </testcase> <!-- Displayed -->
  <testcase name="GetTitle" time="0.104" classname="testNGTests.Activity2"/>
  <testcase name="SkipMethod" time="0.004" classname="testNGTests.Activity2">
    <skipped/>
  </testcase> <!-- SkipMethod -->
  <testcase name="TestCase" time="2.769" classname="testNGTests.Activity1"/>
  <testcase name="GetTitle" time="1.998" classname="testNGTests.Activity3"/>
  <testcase name="GetTitle" time="0.555" classname="testNGTests.Activity7"/>
  <testcase name="ButtonTest" time="0.321" classname="testNGTests.Activity5"/>
  <testcase name="HeaderTest" time="0.18" classname="testNGTests.Activity5"/>
  <testcase name="EnabledSkip" time="0.0" classname="testNGTests.Activity2">
    <ignored/>
  </testcase> <!-- EnabledSkip -->
</testsuite> <!-- test -->
