<html>
<head>
<title>TestNG:  test</title>
<link href="../testng.css" rel="stylesheet" type="text/css" />
<link href="../my-testng.css" rel="stylesheet" type="text/css" />

<style type="text/css">
.log { display: none;} 
.stack-trace { display: none;} 
</style>
<script type="text/javascript">
<!--
function flip(e) {
  current = e.style.display;
  if (current == 'block') {
    e.style.display = 'none';
    return 0;
  }
  else {
    e.style.display = 'block';
    return 1;
  }
}

function toggleBox(szDivId, elem, msg1, msg2)
{
  var res = -1;  if (document.getElementById) {
    res = flip(document.getElementById(szDivId));
  }
  else if (document.all) {
    // this is the way old msie versions work
    res = flip(document.all[szDivId]);
  }
  if(elem) {
    if(res == 0) elem.innerHTML = msg1; else elem.innerHTML = msg2;
  }

}

function toggleAllBoxes() {
  if (document.getElementsByTagName) {
    d = document.getElementsByTagName('div');
    for (i = 0; i < d.length; i++) {
      if (d[i].className == 'log') {
        flip(d[i]);
      }
    }
  }
}

// -->
</script>

</head>
<body>
<h2 align='center'>test</h2><table border='1' align="center">
<tr>
<td>Tests passed/Failed/Skipped:</td><td>10/2/1</td>
</tr><tr>
<td>Started on:</td><td>Wed Jul 08 22:16:25 IST 2020</td>
</tr>
<tr><td>Total time:</td><td>71 seconds (71275 ms)</td>
</tr><tr>
<td>Included groups:</td><td></td>
</tr><tr>
<td>Excluded groups:</td><td></td>
</tr>
</table><p/>
<small><i>(Hover the method name to see the test class name)</i></small><p/>
<table width='100%' border='1' class='invocation-failed'>
<tr><td colspan='4' align='center'><b>FAILED TESTS</b></td></tr>
<tr><td><b>Test method</b></td>
<td width="30%"><b>Exception</b></td>
<td width="10%"><b>Time (seconds)</b></td>
<td><b>Instance</b></td>
</tr>
<tr>
<td title='testNGTests.Activity2.Displayed()'><b>Displayed</b><br>Test class: testNGTests.Activity2</td>
<td><div><pre>java.lang.AssertionError: expected [false] but found [true]
	at testNGTests.Activity2.Displayed(Activity2.java:34)
	at java.util.concurrent.ThreadPoolExecutor.runWorker(Unknown Source)
	at java.util.concurrent.ThreadPoolExecutor$Worker.run(Unknown Source)
	at java.lang.Thread.run(Unknown Source)
... Removed 16 stack frames</pre></div><a href='#' onClick='toggleBox("stack-trace42913842", this, "Click to show all stack frames", "Click to hide stack frames")'>Click to show all stack frames</a>
<div class='stack-trace' id='stack-trace42913842'><pre>java.lang.AssertionError: expected [false] but found [true]
	at org.testng.Assert.fail(Assert.java:97)
	at org.testng.Assert.failNotEquals(Assert.java:969)
	at org.testng.Assert.assertFalse(Assert.java:65)
	at org.testng.Assert.assertFalse(Assert.java:75)
	at testNGTests.Activity2.Displayed(Activity2.java:34)
	at sun.reflect.NativeMethodAccessorImpl.invoke0(Native Method)
	at sun.reflect.NativeMethodAccessorImpl.invoke(Unknown Source)
	at sun.reflect.DelegatingMethodAccessorImpl.invoke(Unknown Source)
	at java.lang.reflect.Method.invoke(Unknown Source)
	at org.testng.internal.MethodInvocationHelper.invokeMethod(MethodInvocationHelper.java:134)
	at org.testng.internal.TestInvoker.invokeMethod(TestInvoker.java:597)
	at org.testng.internal.TestInvoker.invokeTestMethod(TestInvoker.java:173)
	at org.testng.internal.MethodRunner.runInSequence(MethodRunner.java:46)
	at org.testng.internal.TestInvoker$MethodInvocationAgent.invoke(TestInvoker.java:816)
	at org.testng.internal.TestInvoker.invokeTestMethods(TestInvoker.java:146)
	at org.testng.internal.TestMethodWorker.invokeTestMethods(TestMethodWorker.java:146)
	at org.testng.internal.TestMethodWorker.run(TestMethodWorker.java:128)
	at java.util.concurrent.ThreadPoolExecutor.runWorker(Unknown Source)
	at java.util.concurrent.ThreadPoolExecutor$Worker.run(Unknown Source)
	at java.lang.Thread.run(Unknown Source)
</pre></div></td>
<td>0</td>
<td>testNGTests.Activity2@7d0587f1</td></tr>
<tr>
<td title='testNGTests.Activity6.GetTitle()'><b>GetTitle</b><br>Test class: testNGTests.Activity6</td>
<td><div><pre>org.testng.TestNGException: 
Parameter &apos;User&apos; is required by @Test on method GetTitle but has not been marked @Optional or defined
in C:\Ganesh\SeleniumAdv2019\IBM_Selenium\TestNG_Session\Activity8_Parellel.xml
	at java.util.concurrent.ThreadPoolExecutor.runWorker(Unknown Source)
	at java.util.concurrent.ThreadPoolExecutor$Worker.run(Unknown Source)
	at java.lang.Thread.run(Unknown Source)
... Removed 11 stack frames</pre></div><a href='#' onClick='toggleBox("stack-trace849493383", this, "Click to show all stack frames", "Click to hide stack frames")'>Click to show all stack frames</a>
<div class='stack-trace' id='stack-trace849493383'><pre>org.testng.TestNGException: 
Parameter &apos;User&apos; is required by @Test on method GetTitle but has not been marked @Optional or defined
in C:\Ganesh\SeleniumAdv2019\IBM_Selenium\TestNG_Session\Activity8_Parellel.xml
	at org.testng.internal.Parameters.createParams(Parameters.java:272)
	at org.testng.internal.Parameters.createParametersForMethod(Parameters.java:360)
	at org.testng.internal.Parameters.createParameters(Parameters.java:704)
	at org.testng.internal.Parameters.handleParameters(Parameters.java:879)
	at org.testng.internal.Parameters.handleParameters(Parameters.java:744)
	at org.testng.internal.ParameterHandler.handleParameters(ParameterHandler.java:59)
	at org.testng.internal.ParameterHandler.createParameters(ParameterHandler.java:38)
	at org.testng.internal.TestInvoker$MethodInvocationAgent.invoke(TestInvoker.java:783)
	at org.testng.internal.TestInvoker.invokeTestMethods(TestInvoker.java:146)
	at org.testng.internal.TestMethodWorker.invokeTestMethods(TestMethodWorker.java:146)
	at org.testng.internal.TestMethodWorker.run(TestMethodWorker.java:128)
	at java.util.concurrent.ThreadPoolExecutor.runWorker(Unknown Source)
	at java.util.concurrent.ThreadPoolExecutor$Worker.run(Unknown Source)
	at java.lang.Thread.run(Unknown Source)
</pre></div></td>
<td>0</td>
<td>testNGTests.Activity6@4f063c0a</td></tr>
</table><p>
<table width='100%' border='1' class='invocation-passed'>
<tr><td colspan='4' align='center'><b>PASSED TESTS</b></td></tr>
<tr><td><b>Test method</b></td>
<td width="30%"><b>Exception</b></td>
<td width="10%"><b>Time (seconds)</b></td>
<td><b>Instance</b></td>
</tr>
<tr>
<td title='testNGTests.Activity5.ButtonTest()'><b>ButtonTest</b><br>Test class: testNGTests.Activity5</td>
<td></td>
<td>0</td>
<td>testNGTests.Activity5@2a17b7b6</td></tr>
<tr>
<td title='suiteExample.DemoOne.FirstTest()'><b>FirstTest</b><br>Test class: suiteExample.DemoOne</td>
<td></td>
<td>0</td>
<td>suiteExample.DemoOne@6c49835d</td></tr>
<tr>
<td title='testNGTests.Activity5.GetTitle()'><b>GetTitle</b><br>Test class: testNGTests.Activity5</td>
<td></td>
<td>0</td>
<td>testNGTests.Activity5@2a17b7b6</td></tr>
<tr>
<td title='testNGTests.Activity2.GetTitle()'><b>GetTitle</b><br>Test class: testNGTests.Activity2</td>
<td></td>
<td>0</td>
<td>testNGTests.Activity2@7d0587f1</td></tr>
<tr>
<td title='testNGTests.Activity3.GetTitle()'><b>GetTitle</b><br>Test class: testNGTests.Activity3</td>
<td></td>
<td>1</td>
<td>testNGTests.Activity3@5d76b067</td></tr>
<tr>
<td title='testNGTests.Activity7.GetTitle()'><b>GetTitle</b><br>Test class: testNGTests.Activity7<br>Parameters: admin, password</td>
<td></td>
<td>0</td>
<td>testNGTests.Activity7@1e6d1014</td></tr>
<tr>
<td title='testNGTests.Activity5.HeaderTest()'><b>HeaderTest</b><br>Test class: testNGTests.Activity5</td>
<td></td>
<td>0</td>
<td>testNGTests.Activity5@2a17b7b6</td></tr>
<tr>
<td title='suiteExample.DemoOne.SecondTest()'><b>SecondTest</b><br>Test class: suiteExample.DemoOne</td>
<td></td>
<td>0</td>
<td>suiteExample.DemoOne@6c49835d</td></tr>
<tr>
<td title='suiteExample.DemoTwo.TestCase()'><b>TestCase</b><br>Test class: suiteExample.DemoTwo</td>
<td></td>
<td>0</td>
<td>suiteExample.DemoTwo@5e853265</td></tr>
<tr>
<td title='testNGTests.Activity1.TestCase()'><b>TestCase</b><br>Test class: testNGTests.Activity1</td>
<td></td>
<td>2</td>
<td>testNGTests.Activity1@67205a84</td></tr>
</table><p>
<table width='100%' border='1' class='invocation-skipped'>
<tr><td colspan='4' align='center'><b>SKIPPED TESTS</b></td></tr>
<tr><td><b>Test method</b></td>
<td width="30%"><b>Exception</b></td>
<td width="10%"><b>Time (seconds)</b></td>
<td><b>Instance</b></td>
</tr>
<tr>
<td title='testNGTests.Activity2.SkipMethod()'><b>SkipMethod</b><br>Test class: testNGTests.Activity2</td>
<td><div><pre>org.testng.SkipException: Method will be skipped and it will be shown as skipped
	at testNGTests.Activity2.SkipMethod(Activity2.java:46)
	at java.util.concurrent.ThreadPoolExecutor.runWorker(Unknown Source)
	at java.util.concurrent.ThreadPoolExecutor$Worker.run(Unknown Source)
	at java.lang.Thread.run(Unknown Source)
... Removed 12 stack frames</pre></div><a href='#' onClick='toggleBox("stack-trace517108838", this, "Click to show all stack frames", "Click to hide stack frames")'>Click to show all stack frames</a>
<div class='stack-trace' id='stack-trace517108838'><pre>org.testng.SkipException: Method will be skipped and it will be shown as skipped
	at testNGTests.Activity2.SkipMethod(Activity2.java:46)
	at sun.reflect.NativeMethodAccessorImpl.invoke0(Native Method)
	at sun.reflect.NativeMethodAccessorImpl.invoke(Unknown Source)
	at sun.reflect.DelegatingMethodAccessorImpl.invoke(Unknown Source)
	at java.lang.reflect.Method.invoke(Unknown Source)
	at org.testng.internal.MethodInvocationHelper.invokeMethod(MethodInvocationHelper.java:134)
	at org.testng.internal.TestInvoker.invokeMethod(TestInvoker.java:597)
	at org.testng.internal.TestInvoker.invokeTestMethod(TestInvoker.java:173)
	at org.testng.internal.MethodRunner.runInSequence(MethodRunner.java:46)
	at org.testng.internal.TestInvoker$MethodInvocationAgent.invoke(TestInvoker.java:816)
	at org.testng.internal.TestInvoker.invokeTestMethods(TestInvoker.java:146)
	at org.testng.internal.TestMethodWorker.invokeTestMethods(TestMethodWorker.java:146)
	at org.testng.internal.TestMethodWorker.run(TestMethodWorker.java:128)
	at java.util.concurrent.ThreadPoolExecutor.runWorker(Unknown Source)
	at java.util.concurrent.ThreadPoolExecutor$Worker.run(Unknown Source)
	at java.lang.Thread.run(Unknown Source)
</pre></div></td>
<td>0</td>
<td>testNGTests.Activity2@7d0587f1</td></tr>
</table><p>
</body>
</html>