<?xml version="1.0" encoding="UTF-8"?>
<!-- Generated by org.testng.reporters.JUnitReportReporter -->
<testsuite skipped="0" hostname="DESKTOP-SP1DG6S" name="testNGTests.Activity6" tests="1" failures="0" timestamp="2020-07-08T22:17:37 IST" time="0.000" errors="1">
  <testcase name="GetTitle" time="0.000" classname="testNGTests.Activity6">
    <error type="org.testng.TestNGException" message="
Parameter &#039;User&#039; is required by @Test on method GetTitle but has not been marked @Optional or defined
in C:\Ganesh\SeleniumAdv2019\IBM_Selenium\TestNG_Session\Activity8_Parellel.xml">
      <![CDATA[org.testng.TestNGException: 
Parameter 'User' is required by @Test on method GetTitle but has not been marked @Optional or defined
in C:\Ganesh\SeleniumAdv2019\IBM_Selenium\TestNG_Session\Activity8_Parellel.xml
at org.testng.internal.Parameters.createParams(Parameters.java:272)
at org.testng.internal.Parameters.createParametersForMethod(Parameters.java:360)
at org.testng.internal.Parameters.createParameters(Parameters.java:704)
at org.testng.internal.Parameters.handleParameters(Parameters.java:879)
at org.testng.internal.Parameters.handleParameters(Parameters.java:744)
at org.testng.internal.ParameterHandler.handleParameters(ParameterHandler.java:59)
at org.testng.internal.ParameterHandler.createParameters(ParameterHandler.java:38)
at org.testng.internal.TestInvoker$MethodInvocationAgent.invoke(TestInvoker.java:783)
at org.testng.internal.TestInvoker.invokeTestMethods(TestInvoker.java:146)
at org.testng.internal.TestMethodWorker.invokeTestMethods(TestMethodWorker.java:146)
at org.testng.internal.TestMethodWorker.run(TestMethodWorker.java:128)
at java.util.concurrent.ThreadPoolExecutor.runWorker(Unknown Source)
at java.util.concurrent.ThreadPoolExecutor$Worker.run(Unknown Source)
at java.lang.Thread.run(Unknown Source)
]]>
    </error>
  </testcase> <!-- GetTitle -->
  <system-out/>
</testsuite> <!-- testNGTests.Activity6 -->
